<?xml version="1.0" encoding="UTF-8"?>
<!-- Generated by org.testng.reporters.JUnitReportReporter -->
<testsuite hostname="Abhi2" failures="0" tests="2" name="com.test.OrangeHRM_Tests" time="15.831" errors="0" timestamp="2024-11-08T16:58:05 IST" skipped="0">
  <testcase classname="com.test.OrangeHRM_Tests" name="loginPageTest" time="9.539"/>
  <testcase classname="com.test.OrangeHRM_Tests" name="loginTest" time="6.292"/>
</testsuite> <!-- com.test.OrangeHRM_Tests -->
